2026-07-14 23:24:52,245 [INFO   ] dx_apply.dummy_server:285 | ダミーサーバーを起動しました: http://127.0.0.1:8765
2026-07-14 23:24:52,351 [INFO   ] dx_apply.main:147 | UIを起動します
2026-07-14 23:25:11,539 [INFO   ] dx_apply.workflow:159 | ====================================================================
2026-07-14 23:25:11,541 [INFO   ] dx_apply.workflow:160 | 書類申請フローを開始します
2026-07-14 23:25:11,541 [INFO   ] dx_apply.workflow:162 |   氏名: ででc
2026-07-14 23:25:11,541 [INFO   ] dx_apply.workflow:162 |   申請日: 2026-07-14
2026-07-14 23:25:11,541 [INFO   ] dx_apply.workflow:162 |   部署: dev
2026-07-14 23:25:11,541 [INFO   ] dx_apply.workflow:162 |   書類名: ででっcえcえcえ
2026-07-14 23:25:11,541 [INFO   ] dx_apply.workflow:162 |   申請理由: デデっc絵c絵c絵c絵c絵c絵
2026-07-14 23:25:11,542 [INFO   ] dx_apply.workflow:162 |   添付: (なし)
2026-07-14 23:25:11,542 [INFO   ] dx_apply.workflow:163 | ====================================================================
2026-07-14 23:25:12,087 [INFO   ] dx_apply.browser:133 | ブラウザを新規起動します（USE_CDP=False の検証モード）
2026-07-14 23:25:12,444 [INFO   ] dx_apply.browser:151 | ブラウザを起動しました（バージョン: 148.0.7778.96）
2026-07-14 23:25:12,444 [INFO   ] dx_apply.browser:175 | ポータルサイトにアクセスします: http://127.0.0.1:8765/portal.html
2026-07-14 23:25:12,769 [INFO   ] dx_apply.browser:210 | ポータルサイトを開きました（タイトル: OOO社内ポータル（ダミー））
2026-07-14 23:25:12,849 [INFO   ] dx_apply.browser:235 | 申請サイトへのリンクをクリックします（セレクタ: #link-to-apply）
2026-07-14 23:25:15,902 [INFO   ] dx_apply.browser:274 | 同一タブ内で申請サイトへ遷移しました
2026-07-14 23:25:15,903 [INFO   ] dx_apply.browser:277 | 遷移先URL: http://127.0.0.1:8765/apply.html
2026-07-14 23:25:15,906 [INFO   ] dx_apply.browser:292 | 申請サイトを開きました（タイトル: 書類申請フォーム（ダミー））
2026-07-14 23:25:15,987 [INFO   ] dx_apply.form:44 | フォームへの入力を開始します
2026-07-14 23:25:16,025 [INFO   ] dx_apply.form:103 |   入力: 氏名 = 'ででc'
2026-07-14 23:25:16,051 [INFO   ] dx_apply.form:103 |   入力: 申請日 = '2026-07-14'
2026-07-14 23:25:16,078 [INFO   ] dx_apply.form:103 |   入力: 部署 = 'dev'
2026-07-14 23:25:16,103 [INFO   ] dx_apply.form:103 |   入力: 書類名 = 'ででっcえcえcえ'
2026-07-14 23:25:16,123 [INFO   ] dx_apply.form:103 |   入力: 申請理由 = 'デデっc絵c絵c絵c絵c絵c絵'
2026-07-14 23:25:16,123 [INFO   ] dx_apply.form:64 | フォームへの入力が完了しました
2026-07-14 23:25:16,190 [INFO   ] dx_apply.workflow:201 | 添付ファイルの指定がないため、添付処理をスキップします
2026-07-14 23:25:16,190 [INFO   ] dx_apply.form:238 | 申請ボタンを押します（セレクタ: #submit-button）
2026-07-14 23:25:16,260 [INFO   ] dx_apply.dummy_server:130 | [ダミーサーバー] 申請を受信しました: 氏名=ででc / 書類名=ででっcえcえcえ / 添付=(なし) (0 バイト)
2026-07-14 23:25:16,264 [INFO   ] dx_apply.form:282 | 送信結果を待っています（最大 30 秒）
2026-07-14 23:25:16,331 [INFO   ] dx_apply.form:313 | 申請の送信に成功しました
2026-07-14 23:25:16,331 [INFO   ] dx_apply.form:314 | サイトからの応答: ✅ / 申請を受け付けました /  / 受付番号: DOC-680953 /  / 受付番号	DOC-680953 / 氏名	ででc / 申請日	2026-07-14 / 部署	開発部 (value=dev) / 書類名	ででっcえcえcえ / 申請理由	デデっc絵c絵c絵c絵c絵c絵 / 添付ファイル	(添付なし)
2026-07-14 23:25:16,366 [INFO   ] dx_apply.browser:367 | ブラウザとの接続を終了しました
2026-07-14 23:25:16,367 [INFO   ] dx_apply.workflow:209 | ====================================================================
2026-07-14 23:25:16,367 [INFO   ] dx_apply.workflow:210 | 書類申請フローが正常に完了しました
2026-07-14 23:25:16,367 [INFO   ] dx_apply.workflow:211 | ====================================================================
2026-07-14 23:28:47,502 [INFO   ] dx_apply.main:149 | UIを終了しました
2026-07-14 23:28:47,763 [INFO   ] dx_apply.dummy_server:295 | ダミーサーバーを停止しました
